<?xml version="1.0" encoding="UTF-8"?>
<!-- Generated by org.testng.reporters.JUnitReportReporter -->
<testsuite hostname="DESKTOP-87NE48G" failures="0" tests="1" name="Swag_labs.Add_itemsToCart" time="23.615" errors="0" timestamp="2024-08-17T14:38:13 IST" skipped="0">
  <testcase classname="Swag_labs.Add_itemsToCart" name="TC_signIn" time="23.615"/>
  <system-out/>
</testsuite> <!-- Swag_labs.Add_itemsToCart -->
