<?xml version="1.0" encoding="UTF-8"?>
<!-- Generated by org.testng.reporters.JUnitReportReporter -->
<testsuite hostname="DESKTOP-87NE48G" failures="0" tests="1" name="Swag_labs.Signup_Login" time="16.036" errors="0" timestamp="2024-08-17T12:44:47 IST" skipped="0">
  <testcase classname="Swag_labs.Signup_Login" name="TC_signIn" time="16.036"/>
  <system-out/>
</testsuite> <!-- Swag_labs.Signup_Login -->
