<?xml version="1.0" encoding="UTF-8"?>
<!-- Generated by org.testng.reporters.JUnitReportReporter -->
<testsuite hostname="DESKTOP-87NE48G" failures="0" tests="1" name="Swag_labs.Add_MoreThanOne" time="45.546" errors="0" timestamp="2024-08-17T14:12:43 IST" skipped="0">
  <testcase classname="Swag_labs.Add_MoreThanOne" name="TC_signIn" time="45.546"/>
  <system-out/>
</testsuite> <!-- Swag_labs.Add_MoreThanOne -->
