<?xml version="1.0" encoding="UTF-8"?>
<!-- Generated by org.testng.reporters.JUnitReportReporter -->
<testsuite hostname="DESKTOP-87NE48G" failures="0" tests="1" name="Swag_labs.remove_fromCart" time="24.419" errors="0" timestamp="2024-08-17T13:32:31 IST" skipped="0">
  <testcase classname="Swag_labs.remove_fromCart" name="TC_signIn" time="24.419"/>
  <system-out/>
</testsuite> <!-- Swag_labs.remove_fromCart -->
